Performing C SOURCE FILE Test CMAKE_HAVE_LIBC_PTHREAD failed with the following output:
Change Dir: /home/orangepi/fly_ros1_ws/cartographer_ws/build_isolated/cartographer/install/CMakeFiles/CMakeTmp

Run Build Command(s):/usr/bin/ninja cmTC_5a570 && [1/2] Building C object CMakeFiles/cmTC_5a570.dir/src.c.o
[2/2] Linking C executable cmTC_5a570
FAILED: cmTC_5a570 
: && /usr/bin/cc -DCMAKE_HAVE_LIBC_PTHREAD  -rdynamic CMakeFiles/cmTC_5a570.dir/src.c.o  -o cmTC_5a570   && :
/usr/bin/ld: CMakeFiles/cmTC_5a570.dir/src.c.o: in function `main':
src.c:(.text+0x48): undefined reference to `pthread_create'
/usr/bin/ld: src.c:(.text+0x50): undefined reference to `pthread_detach'
/usr/bin/ld: src.c:(.text+0x5c): undefined reference to `pthread_join'
collect2: error: ld returned 1 exit status
ninja: build stopped: subcommand failed.


Source file was:
#include <pthread.h>

void* test_func(void* data)
{
  return data;
}

int main(void)
{
  pthread_t thread;
  pthread_create(&thread, NULL, test_func, NULL);
  pthread_detach(thread);
  pthread_join(thread, NULL);
  pthread_atfork(NULL, NULL, NULL);
  pthread_exit(NULL);

  return 0;
}

Determining if the function pthread_create exists in the pthreads failed with the following output:
Change Dir: /home/orangepi/fly_ros1_ws/cartographer_ws/build_isolated/cartographer/install/CMakeFiles/CMakeTmp

Run Build Command(s):/usr/bin/ninja cmTC_cab32 && [1/2] Building C object CMakeFiles/cmTC_cab32.dir/CheckFunctionExists.c.o
[2/2] Linking C executable cmTC_cab32
FAILED: cmTC_cab32 
: && /usr/bin/cc -DCHECK_FUNCTION_EXISTS=pthread_create  -rdynamic CMakeFiles/cmTC_cab32.dir/CheckFunctionExists.c.o  -o cmTC_cab32  -lpthreads && :
/usr/bin/ld: 找不到 -lpthreads
collect2: error: ld returned 1 exit status
ninja: build stopped: subcommand failed.



